This is pdfTeX, Version 3.141592653-2.6-1.40.24 (MiKTeX 22.1) (preloaded format=pdflatex 2023.12.31)  18 FEB 2024 18:04
entering extended mode
 restricted \write18 enabled.
 file:line:error style messages enabled.
 %&-line parsing enabled.
**"/Users/antonio/Dropbox/Data/University Modules/Semester 3/ML3D/project report/3dml-project/_main.tex"
(/Users/antonio/Dropbox/Data/University Modules/Semester 3/ML3D/project report/3dml-project/_main.tex
LaTeX2e <2023-11-01>
L3 programming layer <2023-12-11>
(_constants.tex) (/Library/Application Support/MiKTeX/texmfs/install/tex/latex/base/article.cls
Document Class: article 2023/05/17 v1.4n Standard LaTeX document class
(/Library/Application Support/MiKTeX/texmfs/install/tex/latex/base/size10.clo
File: size10.clo 2023/05/17 v1.4n Standard LaTeX file (size option)
)
\c@part=\count187
\c@section=\count188
\c@subsection=\count189
\c@subsubsection=\count190
\c@paragraph=\count191
\c@subparagraph=\count192
\c@figure=\count193
\c@table=\count194
\abovecaptionskip=\skip48
\belowcaptionskip=\skip49
\bibindent=\dimen140
) (cvpr_header.tex (cvpr.sty
Package: cvpr 2024 Example LaTex class for IEEE CVPR
 (/Users/antonio/Library/Application Support/MiKTeX/texmfs/install/tex/latex/psnfss/times.sty
Package: times 2020/03/25 PSNFSS-v9.3 (SPQR) 
) (/Library/Application Support/MiKTeX/texmfs/install/tex/latex/tools/xspace.sty
Package: xspace 2014/10/28 v1.13 Space after command names (DPC,MH)
) (/Library/Application Support/MiKTeX/texmfs/install/tex/latex/graphics/graphicx.sty
Package: graphicx 2021/09/16 v1.2d Enhanced LaTeX Graphics (DPC,SPQR)
 (/Library/Application Support/MiKTeX/texmfs/install/tex/latex/graphics/keyval.sty
Package: keyval 2022/05/29 v1.15 key=value parser (DPC)
\KV@toks@=\toks17
) (/Library/Application Support/MiKTeX/texmfs/install/tex/latex/graphics/graphics.sty
Package: graphics 2022/03/10 v1.4e Standard LaTeX Graphics (DPC,SPQR)
 (/Library/Application Support/MiKTeX/texmfs/install/tex/latex/graphics/trig.sty
Package: trig 2021/08/11 v1.11 sin cos tan (DPC)
) (/Library/Application Support/MiKTeX/texmfs/install/tex/latex/graphics-cfg/graphics.cfg
File: graphics.cfg 2016/06/04 v1.11 sample graphics configuration
)
Package graphics Info: Driver file: pdftex.def on input line 107.
 (/Library/Application Support/MiKTeX/texmfs/install/tex/latex/graphics-def/pdftex.def
File: pdftex.def 2022/09/22 v1.2b Graphics/color driver for pdftex
))
\Gin@req@height=\dimen141
\Gin@req@width=\dimen142
) (/Library/Application Support/MiKTeX/texmfs/install/tex/latex/amsmath/amsmath.sty
Package: amsmath 2023/05/13 v2.17o AMS math features
\@mathmargin=\skip50

For additional information on amsmath, use the `?' option.
(/Library/Application Support/MiKTeX/texmfs/install/tex/latex/amsmath/amstext.sty
Package: amstext 2021/08/26 v2.01 AMS text
 (/Library/Application Support/MiKTeX/texmfs/install/tex/latex/amsmath/amsgen.sty
File: amsgen.sty 1999/11/30 v2.0 generic functions
\@emptytoks=\toks18
\ex@=\dimen143
)) (/Library/Application Support/MiKTeX/texmfs/install/tex/latex/amsmath/amsbsy.sty
Package: amsbsy 1999/11/29 v1.2d Bold Symbols
\pmbraise@=\dimen144
) (/Library/Application Support/MiKTeX/texmfs/install/tex/latex/amsmath/amsopn.sty
Package: amsopn 2022/04/08 v2.04 operator names
)
\inf@bad=\count195
LaTeX Info: Redefining \frac on input line 234.
\uproot@=\count196
\leftroot@=\count197
LaTeX Info: Redefining \overline on input line 399.
LaTeX Info: Redefining \colon on input line 410.
\classnum@=\count198
\DOTSCASE@=\count199
LaTeX Info: Redefining \ldots on input line 496.
LaTeX Info: Redefining \dots on input line 499.
LaTeX Info: Redefining \cdots on input line 620.
\Mathstrutbox@=\box51
\strutbox@=\box52
LaTeX Info: Redefining \big on input line 722.
LaTeX Info: Redefining \Big on input line 723.
LaTeX Info: Redefining \bigg on input line 724.
LaTeX Info: Redefining \Bigg on input line 725.
\big@size=\dimen145
LaTeX Font Info:    Redeclaring font encoding OML on input line 743.
LaTeX Font Info:    Redeclaring font encoding OMS on input line 744.
\macc@depth=\count266
LaTeX Info: Redefining \bmod on input line 905.
LaTeX Info: Redefining \pmod on input line 910.
LaTeX Info: Redefining \smash on input line 940.
LaTeX Info: Redefining \relbar on input line 970.
LaTeX Info: Redefining \Relbar on input line 971.
\c@MaxMatrixCols=\count267
\dotsspace@=\muskip16
\c@parentequation=\count268
\dspbrk@lvl=\count269
\tag@help=\toks19
\row@=\count270
\column@=\count271
\maxfields@=\count272
\andhelp@=\toks20
\eqnshift@=\dimen146
\alignsep@=\dimen147
\tagshift@=\dimen148
\tagwidth@=\dimen149
\totwidth@=\dimen150
\lineht@=\dimen151
\@envbody=\toks21
\multlinegap=\skip51
\multlinetaggap=\skip52
\mathdisplay@stack=\toks22
LaTeX Info: Redefining \[ on input line 2953.
LaTeX Info: Redefining \] on input line 2954.
) (/Library/Application Support/MiKTeX/texmfs/install/tex/latex/amsfonts/amssymb.sty
Package: amssymb 2013/01/14 v3.01 AMS font symbols
 (/Library/Application Support/MiKTeX/texmfs/install/tex/latex/amsfonts/amsfonts.sty
Package: amsfonts 2013/01/14 v3.01 Basic AMSFonts support
\symAMSa=\mathgroup4
\symAMSb=\mathgroup5
LaTeX Font Info:    Redeclaring math symbol \hbar on input line 98.
LaTeX Font Info:    Overwriting math alphabet `\mathfrak' in version `bold'
(Font)                  U/euf/m/n --> U/euf/b/n on input line 106.
)) (/Users/antonio/Library/Application Support/MiKTeX/texmfs/install/tex/latex/booktabs/booktabs.sty
Package: booktabs 2020/01/12 v1.61803398 Publication quality tables
\heavyrulewidth=\dimen152
\lightrulewidth=\dimen153
\cmidrulewidth=\dimen154
\belowrulesep=\dimen155
\belowbottomsep=\dimen156
\aboverulesep=\dimen157
\abovetopsep=\dimen158
\cmidrulesep=\dimen159
\cmidrulekern=\dimen160
\defaultaddspace=\dimen161
\@cmidla=\count273
\@cmidlb=\count274
\@aboverulesep=\dimen162
\@belowrulesep=\dimen163
\@thisruleclass=\count275
\@lastruleclass=\count276
\@thisrulewidth=\dimen164
) (/Users/antonio/Library/Application Support/MiKTeX/texmfs/install/tex/latex/natbib/natbib.sty
Package: natbib 2010/09/13 8.31b (PWD, AO)
\bibhang=\skip53
\bibsep=\skip54
LaTeX Info: Redefining \cite on input line 694.
\c@NAT@ctr=\count277
) (/Users/antonio/Library/Application Support/MiKTeX/texmfs/install/tex/latex/silence/silence.sty
Package: silence 2012/07/02 v1.5b Selective filtering of warnings and error messages
\sl@Save=\count278
\sl@StateNumber=\count279
\sl@MessageCount=\count280
\sl@Casualties=\count281
\sl@Filter=\toks23
\sl@Message=\toks24
\sl@UnexpandedMessage=\toks25
\sl@Mess@ge=\toks26
\sl@WarningCount=\count282
\sl@WarningNumber=\count283
\sl@WarningCasualties=\count284
\sl@TempBOW=\toks27
\sl@BankOfWarnings=\toks28
LaTeX Info: Redefining \GenericWarning on input line 433.
\sl@ErrorCount=\count285
\sl@ErrorNumber=\count286
\sl@ErrorCasualties=\count287
\sl@TempBOE=\toks29
\sl@BankOfErrors=\toks30
LaTeX Info: Redefining \GenericError on input line 601.
) (/Library/Application Support/MiKTeX/texmfs/install/tex/latex/etoolbox/etoolbox.sty
Package: etoolbox 2020/10/05 v2.5k e-TeX tools for LaTeX (JAW)
\etb@tempcnta=\count288
) (/Users/antonio/Library/Application Support/MiKTeX/texmfs/install/tex/latex/caption/caption.sty
Package: caption 2023/08/05 v3.6o Customizing captions (AR)
 (/Users/antonio/Library/Application Support/MiKTeX/texmfs/install/tex/latex/caption/caption3.sty
Package: caption3 2023/07/31 v2.4d caption3 kernel (AR)
\caption@tempdima=\dimen165
\captionmargin=\dimen166
\caption@leftmargin=\dimen167
\caption@rightmargin=\dimen168
\caption@width=\dimen169
\caption@indent=\dimen170
\caption@parindent=\dimen171
\caption@hangindent=\dimen172
Package caption Info: Standard document class detected.
)
\c@caption@flags=\count289
\c@continuedfloat=\count290
) (/Users/antonio/Library/Application Support/MiKTeX/texmfs/install/tex/latex/caption/subcaption.sty
Package: subcaption 2023/07/28 v1.6b Sub-captions (AR)
Package caption Info: New subtype `subfigure' on input line 238.
\c@subfigure=\count291
Package caption Info: New subtype `subtable' on input line 238.
\c@subtable=\count292
) (/Library/Application Support/MiKTeX/texmfs/install/tex/latex/url/url.sty
\Urlmuskip=\muskip17
Package: url 2013/09/16  ver 3.4  Verb mode for urls, etc.
)
CVPR 8.5 x 11-Inch Proceedings Style `cvpr.sty'.
\cvprrulerbox=\box53
\cvprrulercount=\count293
\cvprruleroffset=\dimen173
\cv@lineheight=\dimen174
\cv@boxheight=\dimen175
\cv@tmpbox=\box54
\cv@refno=\count294
\cv@tot=\count295
\cv@tmpc@=\count296
\cv@tmpc=\count297
(/Users/antonio/Library/Application Support/MiKTeX/texmfs/install/tex/latex/lineno/lineno.sty
Package: lineno 2023/05/20 line numbers on paragraphs v5.3
 (/Users/antonio/Library/Application Support/MiKTeX/texmfs/install/tex/latex/kvoptions/kvoptions.sty
Package: kvoptions 2022-06-15 v3.15 Key value format for package options (HO)
 (/Users/antonio/Library/Application Support/MiKTeX/texmfs/install/tex/generic/ltxcmds/ltxcmds.sty
Package: ltxcmds 2023-12-04 v1.26 LaTeX kernel commands for general use (HO)
) (/Users/antonio/Library/Application Support/MiKTeX/texmfs/install/tex/latex/kvsetkeys/kvsetkeys.sty
Package: kvsetkeys 2022-10-05 v1.19 Key value parser (HO)
))
\linenopenalty=\count298
\output=\toks31
\linenoprevgraf=\count299
\linenumbersep=\dimen176
\linenumberwidth=\dimen177
\c@linenumber=\count300
\c@pagewiselinenumber=\count301
\c@LN@truepage=\count302
\c@internallinenumber=\count303
\c@internallinenumbers=\count304
\quotelinenumbersep=\dimen178
\bframerule=\dimen179
\bframesep=\dimen180
\bframebox=\box55
\linenoamsmath@ams@eqpen=\count305
LaTeX Info: Redefining \\ on input line 3180.
) (/Users/antonio/Library/Application Support/MiKTeX/texmfs/install/tex/latex/enumitem/enumitem.sty
Package: enumitem 2019/06/20 v3.9 Customized lists
\labelindent=\skip55
\enit@outerparindent=\dimen181
\enit@toks=\toks32
\enit@inbox=\box56
\enit@count@id=\count306
\enitdp@description=\count307
)) (_macros.tex (/Users/antonio/Library/Application Support/MiKTeX/texmfs/install/tex/latex/microtype/microtype.sty
Package: microtype 2023/03/13 v3.1a Micro-typographical refinements (RS)
\MT@toks=\toks33
\MT@tempbox=\box57
\MT@count=\count308
LaTeX Info: Redefining \noprotrusionifhmode on input line 1059.
LaTeX Info: Redefining \leftprotrusion on input line 1060.
\MT@prot@toks=\toks34
LaTeX Info: Redefining \rightprotrusion on input line 1078.
LaTeX Info: Redefining \textls on input line 1368.
\MT@outer@kern=\dimen182
LaTeX Info: Redefining \textmicrotypecontext on input line 1988.
\MT@listname@count=\count309
 (/Users/antonio/Library/Application Support/MiKTeX/texmfs/install/tex/latex/microtype/microtype-pdftex.def
File: microtype-pdftex.def 2023/03/13 v3.1a Definitions specific to pdftex (RS)
LaTeX Info: Redefining \lsstyle on input line 902.
LaTeX Info: Redefining \lslig on input line 902.
\MT@outer@space=\skip56
)
Package microtype Info: Loading configuration file microtype.cfg.
 (/Users/antonio/Library/Application Support/MiKTeX/texmfs/install/tex/latex/microtype/microtype.cfg
File: microtype.cfg 2023/03/13 v3.1a microtype main configuration file (RS)
)) (/Library/Application Support/MiKTeX/texmfs/install/tex/latex/graphics/epsfig.sty
Package: epsfig 2017/06/25 v1.7b (e)psfig emulation (SPQR)
\epsfxsize=\dimen183
\epsfysize=\dimen184
) (/Library/Application Support/MiKTeX/texmfs/install/tex/latex/xcolor/xcolor.sty
Package: xcolor 2023/11/15 v3.01 LaTeX color extensions (UK)
 (/Library/Application Support/MiKTeX/texmfs/install/tex/latex/graphics-cfg/color.cfg
File: color.cfg 2016/01/02 v1.6 sample color configuration
)
Package xcolor Info: Driver file: pdftex.def on input line 274.
 (/Library/Application Support/MiKTeX/texmfs/install/tex/latex/graphics/mathcolor.ltx)
Package xcolor Info: Model `cmy' substituted by `cmy0' on input line 1350.
Package xcolor Info: Model `hsb' substituted by `rgb' on input line 1354.
Package xcolor Info: Model `RGB' extended on input line 1366.
Package xcolor Info: Model `HTML' substituted by `rgb' on input line 1368.
Package xcolor Info: Model `Hsb' substituted by `hsb' on input line 1369.
Package xcolor Info: Model `tHsb' substituted by `hsb' on input line 1370.
Package xcolor Info: Model `HSB' substituted by `hsb' on input line 1371.
Package xcolor Info: Model `Gray' substituted by `gray' on input line 1372.
Package xcolor Info: Model `wave' substituted by `hsb' on input line 1373.
) (/Users/antonio/Library/Application Support/MiKTeX/texmfs/install/tex/latex/colortbl/colortbl.sty
Package: colortbl 2022/06/20 v1.0f Color table columns (DPC)
 (/Library/Application Support/MiKTeX/texmfs/install/tex/latex/tools/array.sty
Package: array 2023/10/16 v2.5g Tabular extension package (FMi)
\col@sep=\dimen185
\ar@mcellbox=\box58
\extrarowheight=\dimen186
\NC@list=\toks35
\extratabsurround=\skip57
\backup@length=\skip58
\ar@cellbox=\box59
)
\everycr=\toks36
\minrowclearance=\skip59
\rownum=\count310
) (/Library/Application Support/MiKTeX/texmfs/install/tex/latex/graphics/dvipsnam.def
File: dvipsnam.def 2016/06/17 v3.0m Driver-dependent file (DPC,SPQR)
) (/Users/antonio/Library/Application Support/MiKTeX/texmfs/install/tex/latex/float/float.sty
Package: float 2001/11/08 v1.3d Float enhancements (AL)
\c@float@type=\count311
\float@exts=\toks37
\float@box=\box60
\@float@everytoks=\toks38
\@floatcapt=\box61
) (/Users/antonio/Library/Application Support/MiKTeX/texmfs/install/tex/latex/placeins/placeins.sty
Package: placeins 2005/04/18  v 2.2
) (/Users/antonio/Library/Application Support/MiKTeX/texmfs/install/tex/latex/sttools/stfloats.sty
Package: stfloats 2017/03/27 v3.3 Improve float mechanism and baselineskip settings
\@dblbotnum=\count312
\c@dblbotnumber=\count313
) (/Library/Application Support/MiKTeX/texmfs/install/tex/latex/tools/tabularx.sty
Package: tabularx 2023/07/08 v2.11c `tabularx' package (DPC)
\TX@col@width=\dimen187
\TX@old@table=\dimen188
\TX@old@col=\dimen189
\TX@target=\dimen190
\TX@delta=\dimen191
\TX@cols=\count314
\TX@ftn=\toks39
) (/Users/antonio/Library/Application Support/MiKTeX/texmfs/install/tex/latex/xstring/xstring.sty (/Users/antonio/Library/Application Support/MiKTeX/texmfs/install/tex/generic/xstring/xstring.tex
\xs_counta=\count315
\xs_countb=\count316
)
Package: xstring 2023/08/22 v1.86 String manipulations (CT)
) (/Users/antonio/Library/Application Support/MiKTeX/texmfs/install/tex/latex/multirow/multirow.sty
Package: multirow 2021/03/15 v2.8 Span multiple rows of a table
\multirow@colwidth=\skip60
\multirow@cntb=\count317
\multirow@dima=\skip61
\bigstrutjot=\dimen192
) (/Users/antonio/Library/Application Support/MiKTeX/texmfs/install/tex/latex/footmisc/footmisc.sty
Package: footmisc 2023/07/05 v6.0f a miscellany of footnote facilities
\FN@temptoken=\toks40
\footnotemargin=\dimen193
\@outputbox@depth=\dimen194
Package footmisc Info: Declaring symbol style bringhurst on input line 696.
Package footmisc Info: Declaring symbol style chicago on input line 704.
Package footmisc Info: Declaring symbol style wiley on input line 713.
Package footmisc Info: Declaring symbol style lamport-robust on input line 724.
Package footmisc Info: Declaring symbol style lamport* on input line 744.
Package footmisc Info: Declaring symbol style lamport*-robust on input line 765.
) (/Users/antonio/Library/Application Support/MiKTeX/texmfs/install/tex/latex/axessibility/axessibility.sty
Package: axessibility 
 (/Users/antonio/Library/Application Support/MiKTeX/texmfs/install/tex/latex/accsupp/accsupp.sty
Package: accsupp 2019/12/05 v0.6 Accessibility support by marked content (HO)
 (/Users/antonio/Library/Application Support/MiKTeX/texmfs/install/tex/generic/pdfescape/pdfescape.sty
Package: pdfescape 2019/12/09 v1.15 Implements pdfTeX's escape features (HO)
 (/Library/Application Support/MiKTeX/texmfs/install/tex/generic/pdftexcmds/pdftexcmds.sty
Package: pdftexcmds 2020-06-27 v0.33 Utility functions of pdfTeX for LuaTeX (HO)
 (/Users/antonio/Library/Application Support/MiKTeX/texmfs/install/tex/generic/infwarerr/infwarerr.sty
Package: infwarerr 2019/12/03 v1.5 Providing info/warning/error messages (HO)
) (/Library/Application Support/MiKTeX/texmfs/install/tex/generic/iftex/iftex.sty
Package: iftex 2022/02/03 v1.0f TeX engine tests
)
Package pdftexcmds Info: \pdf@primitive is available.
Package pdftexcmds Info: \pdf@ifprimitive is available.
Package pdftexcmds Info: \pdfdraftmode found.
)) (/Users/antonio/Library/Application Support/MiKTeX/texmfs/install/tex/latex/accsupp/accsupp-pdftex.def
File: accsupp-pdftex.def 2019/12/05 v0.6 accsupp driver for pdfTeX (HO)
)) (/Library/Application Support/MiKTeX/texmfs/install/tex/generic/pdftex/glyphtounicode.tex)
\@mltext=\toks41
\@mltexttmp=\toks42
)) (/Library/Application Support/MiKTeX/texmfs/install/tex/latex/hyperref/xr-hyper.sty
Package: xr-hyper 2023-11-26 v7.01g eXternal References (DPC)
) (/Library/Application Support/MiKTeX/texmfs/install/tex/latex/hyperref/hyperref.sty
Package: hyperref 2023-11-26 v7.01g Hypertext links for LaTeX
 (/Users/antonio/Library/Application Support/MiKTeX/texmfs/install/tex/generic/kvdefinekeys/kvdefinekeys.sty
Package: kvdefinekeys 2019-12-19 v1.6 Define keys (HO)
) (/Users/antonio/Library/Application Support/MiKTeX/texmfs/install/tex/latex/hycolor/hycolor.sty
Package: hycolor 2020-01-27 v1.10 Color options for hyperref/bookmark (HO)
) (/Users/antonio/Library/Application Support/MiKTeX/texmfs/install/tex/latex/letltxmacro/letltxmacro.sty
Package: letltxmacro 2019/12/03 v1.6 Let assignment for LaTeX macros (HO)
) (/Users/antonio/Library/Application Support/MiKTeX/texmfs/install/tex/latex/auxhook/auxhook.sty
Package: auxhook 2019-12-17 v1.6 Hooks for auxiliary files (HO)
) (/Library/Application Support/MiKTeX/texmfs/install/tex/latex/hyperref/nameref.sty
Package: nameref 2023-11-26 v2.56 Cross-referencing by name of section
 (/Users/antonio/Library/Application Support/MiKTeX/texmfs/install/tex/latex/refcount/refcount.sty
Package: refcount 2019/12/15 v3.6 Data extraction from label references (HO)
) (/Users/antonio/Library/Application Support/MiKTeX/texmfs/install/tex/generic/gettitlestring/gettitlestring.sty
Package: gettitlestring 2019/12/15 v1.6 Cleanup title references (HO)
)
\c@section@level=\count318
)
\@linkdim=\dimen195
\Hy@linkcounter=\count319
\Hy@pagecounter=\count320
 (/Library/Application Support/MiKTeX/texmfs/install/tex/latex/hyperref/pd1enc.def
File: pd1enc.def 2023-11-26 v7.01g Hyperref: PDFDocEncoding definition (HO)
Now handling font encoding PD1 ...
... no UTF-8 mapping file for font encoding PD1
) (/Users/antonio/Library/Application Support/MiKTeX/texmfs/install/tex/generic/intcalc/intcalc.sty
Package: intcalc 2019/12/15 v1.3 Expandable calculations with integers (HO)
)
\Hy@SavedSpaceFactor=\count321
 (/Library/Application Support/MiKTeX/texmfs/install/tex/latex/hyperref/puenc.def
File: puenc.def 2023-11-26 v7.01g Hyperref: PDF Unicode definition (HO)
Now handling font encoding PU ...
... no UTF-8 mapping file for font encoding PU
)
Package hyperref Info: Option `breaklinks' set `true' on input line 4064.
Package hyperref Info: Option `colorlinks' set `true' on input line 4064.
Package hyperref Info: Hyper figures OFF on input line 4181.
Package hyperref Info: Link nesting OFF on input line 4186.
Package hyperref Info: Hyper index ON on input line 4189.
Package hyperref Info: Plain pages OFF on input line 4196.
Package hyperref Info: Backreferencing ON on input line 4199.
Package hyperref Info: Implicit mode ON; LaTeX internals redefined.
Package hyperref Info: Bookmarks ON on input line 4448.
 (/Library/Application Support/MiKTeX/texmfs/install/tex/latex/hyperref/backref.sty
Package: backref 2023-11-26 v1.44 Bibliographical back referencing
 (/Users/antonio/Library/Application Support/MiKTeX/texmfs/install/tex/latex/rerunfilecheck/rerunfilecheck.sty
Package: rerunfilecheck 2022-07-10 v1.10 Rerun checks for auxiliary files (HO)
 (/Library/Application Support/MiKTeX/texmfs/install/tex/latex/base/atveryend-ltx.sty
Package: atveryend-ltx 2020/08/19 v1.0a Emulation of the original atveryend package
with kernel methods
) (/Users/antonio/Library/Application Support/MiKTeX/texmfs/install/tex/generic/uniquecounter/uniquecounter.sty
Package: uniquecounter 2019/12/15 v1.4 Provide unlimited unique counter (HO)
 (/Users/antonio/Library/Application Support/MiKTeX/texmfs/install/tex/generic/bigintcalc/bigintcalc.sty
Package: bigintcalc 2019/12/15 v1.5 Expandable calculations on big integers (HO)
))
Package uniquecounter Info: New unique counter `rerunfilecheck' on input line 285.
))
\c@Hy@tempcnt=\count322
LaTeX Info: Redefining \url on input line 4786.
\XeTeXLinkMargin=\dimen196
 (/Users/antonio/Library/Application Support/MiKTeX/texmfs/install/tex/generic/bitset/bitset.sty
Package: bitset 2019/12/09 v1.3 Handle bit-vector datatype (HO)
)
\Fld@menulength=\count323
\Field@Width=\dimen197
\Fld@charsize=\dimen198
Package hyperref Info: Hyper figures OFF on input line 6065.
Package hyperref Info: Link nesting OFF on input line 6070.
Package hyperref Info: Hyper index ON on input line 6073.
Package hyperref Info: backreferencing ON on input line 6078.
Package hyperref Info: Link coloring ON on input line 6083.
Package hyperref Info: Link coloring with OCG OFF on input line 6090.
Package hyperref Info: PDF/A mode OFF on input line 6095.
 (/Library/Application Support/MiKTeX/texmfs/install/tex/latex/base/atbegshi-ltx.sty
Package: atbegshi-ltx 2021/01/10 v1.0c Emulation of the original atbegshi
package with kernel methods
)
\Hy@abspage=\count324
\c@Item=\count325
\c@Hfootnote=\count326
)
Package hyperref Info: Driver (autodetected): hpdftex.
 (/Library/Application Support/MiKTeX/texmfs/install/tex/latex/hyperref/hpdftex.def
File: hpdftex.def 2023-11-26 v7.01g Hyperref driver for pdfTeX
\Fld@listcount=\count327
\c@bookmark@seq@number=\count328
\Hy@SectionHShift=\skip62
) (/Users/antonio/Library/Application Support/MiKTeX/texmfs/install/tex/latex/cleveref/cleveref.sty
Package: cleveref 2018/03/27 v0.21.4 Intelligent cross-referencing
Package cleveref Info: `hyperref' support loaded on input line 2370.
LaTeX Info: Redefining \cref on input line 2370.
LaTeX Info: Redefining \Cref on input line 2370.
LaTeX Info: Redefining \crefrange on input line 2370.
LaTeX Info: Redefining \Crefrange on input line 2370.
LaTeX Info: Redefining \cpageref on input line 2370.
LaTeX Info: Redefining \Cpageref on input line 2370.
LaTeX Info: Redefining \cpagerefrange on input line 2370.
LaTeX Info: Redefining \Cpagerefrange on input line 2370.
LaTeX Info: Redefining \labelcref on input line 2370.
LaTeX Info: Redefining \labelcpageref on input line 2370.
Package cleveref Info: always capitalise cross-reference names on input line 7830.
Package cleveref Info: always capitalise cross-reference names on input line 7852.
))

Package xr Warning: 
No file _supplementary.aux
LABELS NOT IMPORTED.
 on input line 8.

(_supplementary.tex)
(_supplementary.aux)
No file _supplementary.aux.
LaTeX Font Info:    Trying to load font information for OT1+ptm on input line 10.
(/Users/antonio/Library/Application Support/MiKTeX/texmfs/install/tex/latex/psnfss/ot1ptm.fd
File: ot1ptm.fd 2001/06/04 font definitions for OT1/ptm.
) (/Library/Application Support/MiKTeX/texmfs/install/tex/latex/l3backend/l3backend-pdftex.def
File: l3backend-pdftex.def 2023-11-09 L3 backend support: PDF output (pdfTeX)
\l__color_backend_stack_int=\count329
\l__pdf_internal_box=\box62
) (_main.aux)
\openout1 = `_main.aux'.

LaTeX Font Info:    Checking defaults for OML/cmm/m/it on input line 10.
LaTeX Font Info:    ... okay on input line 10.
LaTeX Font Info:    Checking defaults for OMS/cmsy/m/n on input line 10.
LaTeX Font Info:    ... okay on input line 10.
LaTeX Font Info:    Checking defaults for OT1/cmr/m/n on input line 10.
LaTeX Font Info:    ... okay on input line 10.
LaTeX Font Info:    Checking defaults for T1/cmr/m/n on input line 10.
LaTeX Font Info:    ... okay on input line 10.
LaTeX Font Info:    Checking defaults for TS1/cmr/m/n on input line 10.
LaTeX Font Info:    ... okay on input line 10.
LaTeX Font Info:    Checking defaults for OMX/cmex/m/n on input line 10.
LaTeX Font Info:    ... okay on input line 10.
LaTeX Font Info:    Checking defaults for U/cmr/m/n on input line 10.
LaTeX Font Info:    ... okay on input line 10.
LaTeX Font Info:    Checking defaults for PD1/pdf/m/n on input line 10.
LaTeX Font Info:    ... okay on input line 10.
LaTeX Font Info:    Checking defaults for PU/pdf/m/n on input line 10.
LaTeX Font Info:    ... okay on input line 10.
 (/Library/Application Support/MiKTeX/texmfs/install/tex/context/base/mkii/supp-pdf.mkii
[Loading MPS to PDF converter (version 2006.09.02).]
\scratchcounter=\count330
\scratchdimen=\dimen199
\scratchbox=\box63
\nofMPsegments=\count331
\nofMParguments=\count332
\everyMPshowfont=\toks43
\MPscratchCnt=\count333
\MPscratchDim=\dimen256
\MPnumerator=\count334
\makeMPintoPDFobject=\count335
\everyMPtoPDFconversion=\toks44
) (/Library/Application Support/MiKTeX/texmfs/install/tex/latex/epstopdf-pkg/epstopdf-base.sty
Package: epstopdf-base 2020-01-24 v2.11 Base part for package epstopdf
 (/Users/antonio/Library/Application Support/MiKTeX/texmfs/install/tex/latex/grfext/grfext.sty
Package: grfext 2019/12/03 v1.3 Manage graphics extensions (HO)
)
Package epstopdf-base Info: Redefining graphics rule for `.eps' on input line 485.
Package grfext Info: Graphics extension search list:
(grfext)             [.pdf,.png,.jpg,.mps,.jpeg,.jbig2,.jb2,.PDF,.PNG,.JPG,.JPEG,.JBIG2,.JB2,.eps]
(grfext)             \AppendGraphicsExtensions on input line 504.
 (/Library/Application Support/MiKTeX/texmfs/install/tex/latex/00miktex/epstopdf-sys.cfg
File: epstopdf-sys.cfg 2021/03/18 v2.0 Configuration of epstopdf for MiKTeX
))
Package caption Info: Begin \AtBeginDocument code.
Package caption Info: float package is loaded.
Package caption Info: hyperref package is loaded.
Package caption Info: End \AtBeginDocument code.
 ABD: EveryShipout initializing macros (/Users/antonio/Library/Application Support/MiKTeX/texmfs/install/tex/latex/eepic/epic.sty
Enhancements to Picture Environment. Version 1.2 - Released June 1, 1986
\@@multicnt=\count336
\d@lta=\count337
\@delta=\dimen257
\@@delta=\dimen258
\@gridcnt=\count338
\@joinkind=\count339
\@dotgap=\dimen259
\@ddotgap=\dimen260
\@x@diff=\count340
\@y@diff=\count341
\x@diff=\dimen261
\y@diff=\dimen262
\@dotbox=\box64
\num@segments=\count342
\num@segmentsi=\count343
\@datafile=\read2
)
LaTeX Info: Redefining \microtypecontext on input line 10.
Package microtype Info: Applying patch `item' on input line 10.
Package microtype Info: Applying patch `toc' on input line 10.
Package microtype Info: Applying patch `eqnum' on input line 10.
Package microtype Info: Applying patch `footnote' on input line 10.
Package microtype Info: Applying patch `verbatim' on input line 10.
Package microtype Info: Generating PDF output.
Package microtype Info: Character protrusion enabled (level 2).
Package microtype Info: Using default protrusion set `alltext'.
Package microtype Info: Automatic font expansion enabled (level 2),
(microtype)             stretch: 20, shrink: 20, step: 1, non-selected.
Package microtype Info: Using default expansion set `alltext-nott'.
LaTeX Info: Redefining \showhyphens on input line 10.
Package microtype Info: No adjustment of tracking.
Package microtype Info: No adjustment of interword spacing.
Package microtype Info: No adjustment of character kerning.
 (/Users/antonio/Library/Application Support/MiKTeX/texmfs/install/tex/latex/microtype/mt-ptm.cfg
File: mt-ptm.cfg 2006/04/20 v1.7 microtype config. file: Times (RS)
)
Package backref Info: ** backref set up for natbib ** on input line 10.
Package hyperref Info: Link coloring ON on input line 10.
 (_main.out) (_main.out)
\@outlinefile=\write3
\openout3 = `_main.out'.

 (/Users/antonio/Library/Application Support/MiKTeX/texmfs/install/tex/latex/microtype/mt-cmr.cfg
File: mt-cmr.cfg 2013/05/19 v2.2 microtype config. file: Computer Modern Roman (RS)
)
LaTeX Font Info:    Trying to load font information for U+msa on input line 15.
 (/Library/Application Support/MiKTeX/texmfs/install/tex/latex/amsfonts/umsa.fd
File: umsa.fd 2013/01/14 v3.01 AMS symbols A
) (/Users/antonio/Library/Application Support/MiKTeX/texmfs/install/tex/latex/microtype/mt-msa.cfg
File: mt-msa.cfg 2006/02/04 v1.1 microtype config. file: AMS symbols (a) (RS)
)
LaTeX Font Info:    Trying to load font information for U+msb on input line 15.
 (/Library/Application Support/MiKTeX/texmfs/install/tex/latex/amsfonts/umsb.fd
File: umsb.fd 2013/01/14 v3.01 AMS symbols B
) (/Users/antonio/Library/Application Support/MiKTeX/texmfs/install/tex/latex/microtype/mt-msb.cfg
File: mt-msb.cfg 2005/06/01 v1.0 microtype config. file: AMS symbols (b) (RS)
)
LaTeX Font Info:    Trying to load font information for OT1+pcr on input line 15.
 (/Users/antonio/Library/Application Support/MiKTeX/texmfs/install/tex/latex/psnfss/ot1pcr.fd
File: ot1pcr.fd 2001/06/04 font definitions for OT1/pcr.
)
Package microtype Info: Loading generic protrusion settings for font family
(microtype)             `pcr' (encoding: OT1).
(microtype)             For optimal results, create family-specific settings.
(microtype)             See the microtype manual for details.
LaTeX Font Info:    Trying to load font information for OMS+pcr on input line 15.
 (/Users/antonio/Library/Application Support/MiKTeX/texmfs/install/tex/latex/psnfss/omspcr.fd
File: omspcr.fd 
)
LaTeX Font Info:    Font shape `OMS/pcr/m/n' in size <9> not available
(Font)              Font shape `OMS/cmsy/m/n' tried instead on input line 15.
 (00_abstract.tex) (01_intro.tex

Package natbib Warning: Citation `denninger20203d' on page 1 undefined on input line 9.


Package natbib Warning: Citation `shin20193d' on page 1 undefined on input line 9.


Package natbib Warning: Citation `gkioxari2019mesh' on page 1 undefined on input line 10.


Package natbib Warning: Citation `kuo2020mask2cad' on page 1 undefined on input line 10.


Package natbib Warning: Citation `nie2020total3dunderstanding' on page 1 undefined on input line 10.


Package natbib Warning: Citation `dahnert2021panoptic' on page 1 undefined on input line 10.


Package natbib Warning: Citation `zhang2023uni' on page 1 undefined on input line 10.


Package natbib Warning: Citation `dahnert2021panoptic' on page 1 undefined on input line 13.


Package natbib Warning: Citation `cheng2023sdfusion' on page 1 undefined on input line 13.

LaTeX Font Info:    Trying to load font information for TS1+ptm on input line 18.
(/Users/antonio/Library/Application Support/MiKTeX/texmfs/install/tex/latex/psnfss/ts1ptm.fd
File: ts1ptm.fd 2001/06/04 font definitions for TS1/ptm.
)

Package natbib Warning: Citation `fu20213d' on page 1 undefined on input line 19.


Package natbib Warning: Citation `cheng2023sdfusion' on page 1 undefined on input line 20.


Package natbib Warning: Citation `fu20213e' on page 1 undefined on input line 20.

) (02_related.tex

Package natbib Warning: Citation `kirillov2019panoptic' on page 1 undefined on input line 6.


Package natbib Warning: Citation `kirillov2019panoptic' on page 1 undefined on input line 6.


Package natbib Warning: Citation `wang2020axial' on page 1 undefined on input line 7.


Package natbib Warning: Citation `cheng2020panoptic' on page 1 undefined on input line 7.


Package natbib Warning: Citation `mohan2021efficientps' on page 1 undefined on input line 7.


Package natbib Warning: Citation `Li_2021_CVPR' on page 1 undefined on input line 7.


Package natbib Warning: Citation `Wang_2021_CVPR' on page 1 undefined on input line 7.


Package natbib Warning: Citation `Li_2022_CVPR' on page 1 undefined on input line 7.


Package natbib Warning: Citation `Kundu_2022_CVPR' on page 1 undefined on input line 7.


Package natbib Warning: Citation `Cheng_2022_CVPR' on page 1 undefined on input line 7.


Package natbib Warning: Citation `Yu_2022_CVPR' on page 1 undefined on input line 7.


Package natbib Warning: Citation `Xu_2023_CVPR' on page 1 undefined on input line 7.


Package natbib Warning: Citation `Chen_2023_ICCV' on page 1 undefined on input line 7.


Package natbib Warning: Citation `li2023mask' on page 1 undefined on input line 7.


Package natbib Warning: Citation `yu2023convolutions' on page 1 undefined on input line 7.


Package natbib Warning: Citation `Jain_2023_CVPR' on page 1 undefined on input line 8.


Package natbib Warning: Citation `snavely2006photo' on page 1 undefined on input line 11.


Package natbib Warning: Citation `choy20163d' on page 1 undefined on input line 12.


Package natbib Warning: Citation `wang2018pixel2mesh' on page 1 undefined on input line 12.


Package natbib Warning: Citation `mescheder2019occupancy' on page 1 undefined on input line 12.


Package natbib Warning: Citation `huang2019perspectivenet' on page 1 undefined on input line 12.


Package natbib Warning: Citation `shin20193d' on page 1 undefined on input line 12.


Package natbib Warning: Citation `denninger20203d' on page 1 undefined on input line 12.


Package natbib Warning: Citation `nie2020total3dunderstanding' on page 1 undefined on input line 12.


Package natbib Warning: Citation `wu2018learning' on page 1 undefined on input line 15.


Package natbib Warning: Citation `dahnert2021panoptic' on page 1 undefined on input line 19.


Package natbib Warning: Citation `hou20193d' on page 1 undefined on input line 19.


Package natbib Warning: Citation `hou2020revealnet' on page 1 undefined on input line 19.


Package natbib Warning: Citation `dahnert2021panoptic' on page 1 undefined on input line 20.

[1{/Users/antonio/Library/Application Support/MiKTeX/texmfs/data/fonts/map/pdftex/pdftex.map}


]

Package natbib Warning: Citation `achlioptas2018learning' on page 2 undefined on input line 23.


Package natbib Warning: Citation `luo2021diffusion' on page 2 undefined on input line 23.


Package natbib Warning: Citation `mescheder2019occupancy' on page 2 undefined on input line 23.


Package natbib Warning: Citation `mo2019structurenet' on page 2 undefined on input line 23.


Package natbib Warning: Citation `park2019deepsdf' on page 2 undefined on input line 23.


Package natbib Warning: Citation `dai2017shape' on page 2 undefined on input line 24.


Package natbib Warning: Citation `fan2017point' on page 2 undefined on input line 24.


Package natbib Warning: Citation `liu2022towards' on page 2 undefined on input line 24.


Package natbib Warning: Citation `zhao2023michelangelo' on page 2 undefined on input line 24.


Package natbib Warning: Citation `Zhou_2021_CVPR' on page 2 undefined on input line 24.


Package natbib Warning: Citation `cheng2023sdfusion' on page 2 undefined on input line 25.


Package natbib Warning: Citation `dai2017scannet' on page 2 undefined on input line 28.


Package natbib Warning: Citation `straub2019replica' on page 2 undefined on input line 28.


Package natbib Warning: Citation `fu20213d' on page 2 undefined on input line 29.


Package natbib Warning: Citation `fu20213e' on page 2 undefined on input line 30.

) (03_method.tex

Package natbib Warning: Citation `dahnert2021panoptic' on page 2 undefined on input line 4.


Package natbib Warning: Citation `radford2021learning' on page 2 undefined on input line 8.


Package natbib Warning: Citation `devlin2018bert' on page 2 undefined on input line 8.


Package natbib Warning: Citation `oord2017neural' on page 2 undefined on input line 8.


Package natbib Warning: Citation `ronneberger2015u' on page 2 undefined on input line 8.


Package natbib Warning: Citation `dahnert2021panoptic' on page 2 undefined on input line 13.


Package natbib Warning: Citation `cheng2023sdfusion' on page 2 undefined on input line 16.

[2]) (04_results.tex) (05_limitations.tex)
No file _main.bbl.

Package natbib Warning: There were undefined citations.


Package caption Warning: Unused \captionsetup[sub] on input line 23.
See the caption package documentation for explanation.

[3] (_main.aux)
 ***********
LaTeX2e <2023-11-01>
L3 programming layer <2023-12-11>
 ***********
Package rerunfilecheck Info: File `_main.out' has not changed.
(rerunfilecheck)             Checksum: ABA37A5651265CB7C5FAD9C5CBD389FB;668.
 ) 
Here is how much of TeX's memory you used:
 18308 strings out of 474495
 311095 string characters out of 5741079
 1947457 words of memory out of 5000000
 40067 multiletter control sequences out of 15000+600000
 583550 words of font info for 198 fonts, out of 8000000 for 9000
 1141 hyphenation exceptions out of 8191
 95i,10n,99p,1095b,623s stack positions out of 10000i,1000n,20000p,200000b,200000s
{/Library/Application Support/MiKTeX/texmfs/install/fonts/enc/dvips/base/8r.enc}</Library/Application Support/MiKTeX/texmfs/install/fonts/type1/public/amsfonts/cm/cmsy9.pfb></Library/Application Support/MiKTeX/texmfs/install/fonts/type1/urw/courier/ucrr8a.pfb></Library/Application Support/MiKTeX/texmfs/install/fonts/type1/urw/times/utmb8a.pfb></Library/Application Support/MiKTeX/texmfs/install/fonts/type1/urw/times/utmr8a.pfb></Library/Application Support/MiKTeX/texmfs/install/fonts/type1/urw/times/utmri8a.pfb>
Output written on _main.pdf (3 pages, 116962 bytes).
PDF statistics:
 82 PDF objects out of 1000 (max. 8388607)
 21 named destinations out of 1000 (max. 500000)
 33321 words of extra memory for PDF output out of 35830 (max. 10000000)

